This is pdfTeX, Version 3.141592653-2.6-1.40.22 (TeX Live 2022/dev/Debian) (preloaded format=pdfetex 2026.1.27)  29 JAN 2026 09:53
entering extended mode
 restricted \write18 enabled.
 file:line:error style messages enabled.
 %&-line parsing enabled.
**\input ./sinc.texi
(./sinc.texi
Missing character: There is no â in font cmr10!
Missing character: There is no ‰ in font cmr10!
Missing character: There is no   in font cmr10!

Overfull \hbox (4.91261pt too wide) in paragraph at lines 6--9
[]\tenrm @deffn Func-tion sinc @varx The func-tion @codesinc is de-fined by @co
desinc(x) = sin(x)/x for @code@varx|

\hbox(7.5+2.5)x469.75499, glue set - 1.0
.\hbox(0.0+0.0)x20.0
.\tenrm @
.\tenrm d
.\tenrm e
.\tenrm  (ligature ff)
.etc.

)
*
! Emergency stop.
<*> \input ./sinc.texi
                      
End of file on the terminal!

!  ==> Fatal error occurred, no output PDF file produced!
